   1              		.cpu arm7tdmi
   2              		.arch armv4t
   3              		.fpu softvfp
   4              		.eabi_attribute 20, 1
   5              		.eabi_attribute 21, 1
   6              		.eabi_attribute 23, 3
   7              		.eabi_attribute 24, 1
   8              		.eabi_attribute 25, 1
   9              		.eabi_attribute 26, 1
  10              		.eabi_attribute 30, 4
  11              		.eabi_attribute 34, 0
  12              		.eabi_attribute 18, 4
  13              		.file	"lutmath.c"
  14              		.text
  15              	.Ltext0:
  16              		.cfi_sections	.debug_frame
  17              		.global	__aeabi_fcmplt
  18              		.global	__aeabi_dsub
  19              		.global	__aeabi_d2f
  20              		.global	__aeabi_f2d
  21              		.global	__aeabi_dcmpge
  22              		.global	__aeabi_ddiv
  23              		.global	__aeabi_dmul
  24              		.global	__aeabi_d2uiz
  25              		.align	2
  26              		.global	sinlut
  27              		.syntax unified
  28              		.arm
  30              	sinlut:
  31              	.LVL0:
  32              	.LFB1:
  33              		.file 1 "../firmware/lutmath.c"
   1:../firmware/lutmath.c **** #include <math.h>
   2:../firmware/lutmath.c **** #include <stdint.h>
   3:../firmware/lutmath.c **** #include "lutmath.h"
   4:../firmware/lutmath.c **** 
   5:../firmware/lutmath.c **** /// The sine lookup table. Also used for cosine.
   6:../firmware/lutmath.c **** static const float sin_LUT[805] = {
   7:../firmware/lutmath.c ****   0.000000, 0.007815, 0.015629, 0.023443, 0.031255, 0.039065, 0.046872, 0.054677, 0.062479, 0.07027
   8:../firmware/lutmath.c ****   0.078070, 0.085858, 0.093641, 0.101419, 0.109191, 0.116955, 0.124713, 0.132463, 0.140205, 0.14793
   9:../firmware/lutmath.c ****   0.155663, 0.163377, 0.171082, 0.178777, 0.186460, 0.194132, 0.201792, 0.209440, 0.217075, 0.22469
  10:../firmware/lutmath.c ****   0.232305, 0.239899, 0.247479, 0.255043, 0.262591, 0.270124, 0.277640, 0.285139, 0.292621, 0.30008
  11:../firmware/lutmath.c ****   0.307530, 0.314957, 0.322364, 0.329752, 0.337120, 0.344467, 0.351793, 0.359097, 0.366380, 0.37364
  12:../firmware/lutmath.c ****   0.380878, 0.388092, 0.395282, 0.402449, 0.409590, 0.416707, 0.423798, 0.430864, 0.437903, 0.44491
  13:../firmware/lutmath.c ****   0.451900, 0.458858, 0.465787, 0.472688, 0.479561, 0.486404, 0.493217, 0.500000, 0.506753, 0.51347
  14:../firmware/lutmath.c ****   0.520164, 0.526823, 0.533449, 0.540043, 0.546604, 0.553131, 0.559625, 0.566084, 0.572509, 0.57889
  15:../firmware/lutmath.c ****   0.585253, 0.591572, 0.597855, 0.604101, 0.610310, 0.616482, 0.622617, 0.628713, 0.634771, 0.64079
  16:../firmware/lutmath.c ****   0.646770, 0.652710, 0.658611, 0.664471, 0.670291, 0.676070, 0.681808, 0.687504, 0.693158, 0.69876
  17:../firmware/lutmath.c ****   0.704338, 0.709864, 0.715347, 0.720786, 0.726181, 0.731531, 0.736837, 0.742098, 0.747314, 0.75248
  18:../firmware/lutmath.c ****   0.757608, 0.762685, 0.767716, 0.772700, 0.777638, 0.782527, 0.787369, 0.792162, 0.796908, 0.80160
  19:../firmware/lutmath.c ****   0.806252, 0.810850, 0.815399, 0.819898, 0.824347, 0.828746, 0.833094, 0.837391, 0.841637, 0.84583
  20:../firmware/lutmath.c ****   0.849975, 0.854066, 0.858105, 0.862092, 0.866025, 0.869906, 0.873734, 0.877509, 0.881230, 0.88489
  21:../firmware/lutmath.c ****   0.888510, 0.892068, 0.895573, 0.899022, 0.902417, 0.905757, 0.909041, 0.912270, 0.915443, 0.91856
  22:../firmware/lutmath.c ****   0.921621, 0.924625, 0.927574, 0.930465, 0.933300, 0.936078, 0.938798, 0.941462, 0.944068, 0.94661
  23:../firmware/lutmath.c ****   0.949106, 0.951538, 0.953913, 0.956229, 0.958486, 0.960685, 0.962826, 0.964907, 0.966930, 0.96889
  24:../firmware/lutmath.c ****   0.970798, 0.972643, 0.974429, 0.976155, 0.977821, 0.979428, 0.980975, 0.982463, 0.983890, 0.98525
  25:../firmware/lutmath.c ****   0.986564, 0.987810, 0.988997, 0.990122, 0.991188, 0.992193, 0.993137, 0.994021, 0.994844, 0.99560
  26:../firmware/lutmath.c ****   0.996307, 0.996948, 0.997528, 0.998046, 0.998504, 0.998901, 0.999237, 0.999511, 0.999725, 0.99987
  27:../firmware/lutmath.c ****   0.999969, 1.000000, 0.999969, 0.999878, 0.999725, 0.999511, 0.999237, 0.998901, 0.998504, 0.99804
  28:../firmware/lutmath.c ****   0.997528, 0.996948, 0.996307, 0.995606, 0.994844, 0.994021, 0.993137, 0.992193, 0.991188, 0.99012
  29:../firmware/lutmath.c ****   0.988997, 0.987810, 0.986564, 0.985257, 0.983890, 0.982463, 0.980975, 0.979428, 0.977821, 0.97615
  30:../firmware/lutmath.c ****   0.974429, 0.972643, 0.970798, 0.968893, 0.966930, 0.964907, 0.962826, 0.960685, 0.958486, 0.95622
  31:../firmware/lutmath.c ****   0.953913, 0.951538, 0.949106, 0.946616, 0.944068, 0.941462, 0.938798, 0.936078, 0.933300, 0.93046
  32:../firmware/lutmath.c ****   0.927574, 0.924625, 0.921621, 0.918560, 0.915443, 0.912270, 0.909041, 0.905757, 0.902417, 0.89902
  33:../firmware/lutmath.c ****   0.895573, 0.892068, 0.888510, 0.884897, 0.881230, 0.877509, 0.873734, 0.869906, 0.866025, 0.86209
  34:../firmware/lutmath.c ****   0.858105, 0.854066, 0.849975, 0.845832, 0.841637, 0.837391, 0.833094, 0.828746, 0.824347, 0.81989
  35:../firmware/lutmath.c ****   0.815399, 0.810850, 0.806252, 0.801604, 0.796908, 0.792162, 0.787369, 0.782527, 0.777638, 0.77270
  36:../firmware/lutmath.c ****   0.767716, 0.762685, 0.757608, 0.752484, 0.747314, 0.742098, 0.736837, 0.731531, 0.726181, 0.72078
  37:../firmware/lutmath.c ****   0.715347, 0.709864, 0.704338, 0.698769, 0.693158, 0.687504, 0.681808, 0.676070, 0.670291, 0.66447
  38:../firmware/lutmath.c ****   0.658611, 0.652710, 0.646770, 0.640790, 0.634771, 0.628713, 0.622617, 0.616482, 0.610310, 0.60410
  39:../firmware/lutmath.c ****   0.597855, 0.591572, 0.585253, 0.578899, 0.572509, 0.566084, 0.559625, 0.553131, 0.546604, 0.54004
  40:../firmware/lutmath.c ****   0.533449, 0.526823, 0.520164, 0.513474, 0.506753, 0.500000, 0.493217, 0.486404, 0.479561, 0.47268
  41:../firmware/lutmath.c ****   0.465787, 0.458858, 0.451900, 0.444915, 0.437903, 0.430864, 0.423798, 0.416707, 0.409590, 0.40244
  42:../firmware/lutmath.c ****   0.395282, 0.388092, 0.380878, 0.373640, 0.366380, 0.359097, 0.351793, 0.344467, 0.337120, 0.32975
  43:../firmware/lutmath.c ****   0.322364, 0.314957, 0.307530, 0.300085, 0.292621, 0.285139, 0.277640, 0.270124, 0.262591, 0.25504
  44:../firmware/lutmath.c ****   0.247479, 0.239899, 0.232305, 0.224697, 0.217075, 0.209440, 0.201792, 0.194132, 0.186460, 0.17877
  45:../firmware/lutmath.c ****   0.171082, 0.163377, 0.155663, 0.147938, 0.140205, 0.132463, 0.124713, 0.116955, 0.109191, 0.10141
  46:../firmware/lutmath.c ****   0.093641, 0.085858, 0.078070, 0.070276, 0.062479, 0.054677, 0.046872, 0.039065, 0.031255, 0.02344
  47:../firmware/lutmath.c ****   0.015629, 0.007815, 0.000000, -0.007815, -0.015629, -0.023443, -0.031255, -0.039065, -0.046872, -
  48:../firmware/lutmath.c ****   -0.062479, -0.070276, -0.078070, -0.085858, -0.093641, -0.101419, -0.109191, -0.116955, -0.124713
  49:../firmware/lutmath.c ****   -0.140205, -0.147938, -0.155663, -0.163377, -0.171082, -0.178777, -0.186460, -0.194132, -0.201792
  50:../firmware/lutmath.c ****   -0.217075, -0.224697, -0.232305, -0.239899, -0.247479, -0.255043, -0.262591, -0.270124, -0.277640
  51:../firmware/lutmath.c ****   -0.292621, -0.300085, -0.307530, -0.314957, -0.322364, -0.329752, -0.337120, -0.344467, -0.351793
  52:../firmware/lutmath.c ****   -0.366380, -0.373640, -0.380878, -0.388092, -0.395282, -0.402449, -0.409590, -0.416707, -0.423798
  53:../firmware/lutmath.c ****   -0.437903, -0.444915, -0.451900, -0.458858, -0.465787, -0.472688, -0.479561, -0.486404, -0.493217
  54:../firmware/lutmath.c ****   -0.506753, -0.513474, -0.520164, -0.526823, -0.533449, -0.540043, -0.546604, -0.553131, -0.559625
  55:../firmware/lutmath.c ****   -0.572509, -0.578899, -0.585253, -0.591572, -0.597855, -0.604101, -0.610310, -0.616482, -0.622617
  56:../firmware/lutmath.c ****   -0.634771, -0.640790, -0.646770, -0.652710, -0.658611, -0.664471, -0.670291, -0.676070, -0.681808
  57:../firmware/lutmath.c ****   -0.693158, -0.698769, -0.704338, -0.709864, -0.715347, -0.720786, -0.726181, -0.731531, -0.736837
  58:../firmware/lutmath.c ****   -0.747314, -0.752484, -0.757608, -0.762685, -0.767716, -0.772700, -0.777638, -0.782527, -0.787369
  59:../firmware/lutmath.c ****   -0.796908, -0.801604, -0.806252, -0.810850, -0.815399, -0.819898, -0.824347, -0.828746, -0.833094
  60:../firmware/lutmath.c ****   -0.841637, -0.845832, -0.849975, -0.854066, -0.858105, -0.862092, -0.866025, -0.869906, -0.873734
  61:../firmware/lutmath.c ****   -0.881230, -0.884897, -0.888510, -0.892068, -0.895573, -0.899022, -0.902417, -0.905757, -0.909041
  62:../firmware/lutmath.c ****   -0.915443, -0.918560, -0.921621, -0.924625, -0.927574, -0.930465, -0.933300, -0.936078, -0.938798
  63:../firmware/lutmath.c ****   -0.944068, -0.946616, -0.949106, -0.951538, -0.953913, -0.956229, -0.958486, -0.960685, -0.962826
  64:../firmware/lutmath.c ****   -0.966930, -0.968893, -0.970798, -0.972643, -0.974429, -0.976155, -0.977821, -0.979428, -0.980975
  65:../firmware/lutmath.c ****   -0.983890, -0.985257, -0.986564, -0.987810, -0.988997, -0.990122, -0.991188, -0.992193, -0.993137
  66:../firmware/lutmath.c ****   -0.994844, -0.995606, -0.996307, -0.996948, -0.997528, -0.998046, -0.998504, -0.998901, -0.999237
  67:../firmware/lutmath.c ****   -0.999725, -0.999878, -0.999969, -1.000000, -0.999969, -0.999878, -0.999725, -0.999511, -0.999237
  68:../firmware/lutmath.c ****   -0.998504, -0.998046, -0.997528, -0.996948, -0.996307, -0.995606, -0.994844, -0.994021, -0.993137
  69:../firmware/lutmath.c ****   -0.991188, -0.990122, -0.988997, -0.987810, -0.986564, -0.985257, -0.983890, -0.982463, -0.980975
  70:../firmware/lutmath.c ****   -0.977821, -0.976155, -0.974429, -0.972643, -0.970798, -0.968893, -0.966930, -0.964907, -0.962826
  71:../firmware/lutmath.c ****   -0.958486, -0.956229, -0.953913, -0.951538, -0.949106, -0.946616, -0.944068, -0.941462, -0.938798
  72:../firmware/lutmath.c ****   -0.933300, -0.930465, -0.927574, -0.924625, -0.921621, -0.918560, -0.915443, -0.912270, -0.909041
  73:../firmware/lutmath.c ****   -0.902417, -0.899022, -0.895573, -0.892068, -0.888510, -0.884897, -0.881230, -0.877509, -0.873734
  74:../firmware/lutmath.c ****   -0.866025, -0.862092, -0.858105, -0.854066, -0.849975, -0.845832, -0.841637, -0.837391, -0.833094
  75:../firmware/lutmath.c ****   -0.824347, -0.819898, -0.815399, -0.810850, -0.806252, -0.801604, -0.796908, -0.792162, -0.787369
  76:../firmware/lutmath.c ****   -0.777638, -0.772700, -0.767716, -0.762685, -0.757608, -0.752484, -0.747314, -0.742098, -0.736837
  77:../firmware/lutmath.c ****   -0.726181, -0.720786, -0.715347, -0.709864, -0.704338, -0.698769, -0.693158, -0.687504, -0.681808
  78:../firmware/lutmath.c ****   -0.670291, -0.664471, -0.658611, -0.652710, -0.646770, -0.640790, -0.634771, -0.628713, -0.622617
  79:../firmware/lutmath.c ****   -0.610310, -0.604101, -0.597855, -0.591572, -0.585253, -0.578899, -0.572509, -0.566084, -0.559625
  80:../firmware/lutmath.c ****   -0.546604, -0.540043, -0.533449, -0.526823, -0.520164, -0.513474, -0.506753, -0.500000, -0.493217
  81:../firmware/lutmath.c ****   -0.479561, -0.472688, -0.465787, -0.458858, -0.451900, -0.444915, -0.437903, -0.430864, -0.423798
  82:../firmware/lutmath.c ****   -0.409590, -0.402449, -0.395282, -0.388092, -0.380878, -0.373640, -0.366380, -0.359097, -0.351793
  83:../firmware/lutmath.c ****   -0.337120, -0.329752, -0.322364, -0.314957, -0.307530, -0.300085, -0.292621, -0.285139, -0.277640
  84:../firmware/lutmath.c ****   -0.262591, -0.255043, -0.247479, -0.239899, -0.232305, -0.224697, -0.217075, -0.209440, -0.201792
  85:../firmware/lutmath.c ****   -0.186460, -0.178777, -0.171082, -0.163377, -0.155663, -0.147938, -0.140205, -0.132463, -0.124713
  86:../firmware/lutmath.c ****   -0.109191, -0.101419, -0.093641, -0.085858, -0.078070, -0.070276, -0.062479, -0.054677, -0.046872
  87:../firmware/lutmath.c ****   -0.031255, -0.023443, -0.015629, -0.007815, -0.000000
  88:../firmware/lutmath.c **** };
  89:../firmware/lutmath.c **** 
  90:../firmware/lutmath.c **** 
  91:../firmware/lutmath.c **** /// Internal sine LUT function, only works for positive arguments < M_TWOPI
  92:../firmware/lutmath.c **** static float internal_sinlut(const float in) __attribute__((const));
  93:../firmware/lutmath.c **** 
  94:../firmware/lutmath.c **** float internal_sinlut(const float in)
  95:../firmware/lutmath.c **** {
  96:../firmware/lutmath.c ****   uint16_t index;
  97:../firmware/lutmath.c ****   index = in / M_TWOPI * 805;
  98:../firmware/lutmath.c ****   return sin_LUT[index];
  99:../firmware/lutmath.c **** }
 100:../firmware/lutmath.c **** 
 101:../firmware/lutmath.c **** float sinlut(float in)
 102:../firmware/lutmath.c **** {
  34              		.loc 1 102 1 view -0
  35              		.cfi_startproc
  36              		@ Function supports interworking.
  37              		@ args = 0, pretend = 0, frame = 0
  38              		@ frame_needed = 0, uses_anonymous_args = 0
 103:../firmware/lutmath.c ****   uint8_t neg;
  39              		.loc 1 103 3 view .LVU1
 104:../firmware/lutmath.c ****   float v;
  40              		.loc 1 104 3 view .LVU2
 105:../firmware/lutmath.c **** 
 106:../firmware/lutmath.c ****   // Keeps and removes the sign of the input
 107:../firmware/lutmath.c ****   if (in < 0) {
  41              		.loc 1 107 3 view .LVU3
 102:../firmware/lutmath.c ****   uint8_t neg;
  42              		.loc 1 102 1 is_stmt 0 view .LVU4
  43 0000 F0472DE9 		push	{r4, r5, r6, r7, r8, r9, r10, lr}
  44              	.LCFI0:
  45              		.cfi_def_cfa_offset 32
  46              		.cfi_offset 4, -32
  47              		.cfi_offset 5, -28
  48              		.cfi_offset 6, -24
  49              		.cfi_offset 7, -20
  50              		.cfi_offset 8, -16
  51              		.cfi_offset 9, -12
  52              		.cfi_offset 10, -8
  53              		.cfi_offset 14, -4
  54              		.loc 1 107 6 view .LVU5
  55 0004 0010A0E3 		mov	r1, #0
 102:../firmware/lutmath.c ****   uint8_t neg;
  56              		.loc 1 102 1 view .LVU6
  57 0008 0040A0E1 		mov	r4, r0
  58              		.loc 1 107 6 view .LVU7
  59 000c FEFFFFEB 		bl	__aeabi_fcmplt
  60              	.LVL1:
  61              		.loc 1 107 6 view .LVU8
  62 0010 005050E2 		subs	r5, r0, #0
 108:../firmware/lutmath.c ****     neg = 1;
  63              		.loc 1 108 9 view .LVU9
  64 0014 0150A013 		movne	r5, #1
 109:../firmware/lutmath.c ****     in = -in;
 110:../firmware/lutmath.c ****   } else neg = 0;
 111:../firmware/lutmath.c **** 
 112:../firmware/lutmath.c ****   // sin(M_TWOPI * k + x) = sin(x) --> finds x for k = 0
 113:../firmware/lutmath.c ****   while (in >= M_TWOPI)
  65              		.loc 1 113 9 view .LVU10
  66 0018 8C609FE5 		ldr	r6, .L14
  67 001c 8C709FE5 		ldr	r7, .L14+4
 109:../firmware/lutmath.c ****     in = -in;
  68              		.loc 1 109 8 view .LVU11
  69 0020 02418412 		addne	r4, r4, #-2147483648
  70              	.LVL2:
  71              	.L4:
  72              		.loc 1 113 9 is_stmt 1 view .LVU12
  73              		.loc 1 113 13 is_stmt 0 view .LVU13
  74 0024 0400A0E1 		mov	r0, r4
  75 0028 FEFFFFEB 		bl	__aeabi_f2d
  76              	.LVL3:
  77              		.loc 1 113 9 view .LVU14
  78 002c 0620A0E1 		mov	r2, r6
  79 0030 0730A0E1 		mov	r3, r7
  80              		.loc 1 113 13 view .LVU15
  81 0034 0080A0E1 		mov	r8, r0
  82 0038 0190A0E1 		mov	r9, r1
  83              		.loc 1 113 9 view .LVU16
  84 003c FEFFFFEB 		bl	__aeabi_dcmpge
  85              	.LVL4:
  86 0040 000050E3 		cmp	r0, #0
  87 0044 1000001A 		bne	.L5
 114:../firmware/lutmath.c ****     in -= M_TWOPI;
 115:../firmware/lutmath.c **** 
 116:../firmware/lutmath.c ****   v = internal_sinlut (in);
  88              		.loc 1 116 3 is_stmt 1 view .LVU17
  89              	.LVL5:
  90              	.LBB4:
  91              	.LBI4:
  94:../firmware/lutmath.c **** {
  92              		.loc 1 94 7 view .LVU18
  93              	.LBB5:
  96:../firmware/lutmath.c ****   index = in / M_TWOPI * 805;
  94              		.loc 1 96 3 view .LVU19
  97:../firmware/lutmath.c ****   return sin_LUT[index];
  95              		.loc 1 97 3 view .LVU20
  98:../firmware/lutmath.c **** }
  96              		.loc 1 98 3 view .LVU21
  97:../firmware/lutmath.c ****   return sin_LUT[index];
  97              		.loc 1 97 14 is_stmt 0 view .LVU22
  98 0048 0800A0E1 		mov	r0, r8
  99 004c 0910A0E1 		mov	r1, r9
 100 0050 54209FE5 		ldr	r2, .L14
 101 0054 54309FE5 		ldr	r3, .L14+4
 102 0058 FEFFFFEB 		bl	__aeabi_ddiv
 103              	.LVL6:
  97:../firmware/lutmath.c ****   return sin_LUT[index];
 104              		.loc 1 97 24 view .LVU23
 105 005c 50309FE5 		ldr	r3, .L14+8
 106 0060 0020A0E3 		mov	r2, #0
 107 0064 FEFFFFEB 		bl	__aeabi_dmul
 108              	.LVL7:
  97:../firmware/lutmath.c ****   return sin_LUT[index];
 109              		.loc 1 97 9 view .LVU24
 110 0068 FEFFFFEB 		bl	__aeabi_d2uiz
 111              	.LVL8:
  98:../firmware/lutmath.c **** }
 112              		.loc 1 98 17 view .LVU25
 113 006c 44309FE5 		ldr	r3, .L14+12
 114 0070 0008A0E1 		lsl	r0, r0, #16
 115 0074 2008A0E1 		lsr	r0, r0, #16
 116 0078 000193E7 		ldr	r0, [r3, r0, lsl #2]	@ float
 117              	.LVL9:
  98:../firmware/lutmath.c **** }
 118              		.loc 1 98 17 view .LVU26
 119              	.LBE5:
 120              	.LBE4:
 117:../firmware/lutmath.c ****   if (neg) return -v;
 121              		.loc 1 117 3 is_stmt 1 view .LVU27
 122              		.loc 1 117 6 is_stmt 0 view .LVU28
 123 007c 000055E3 		cmp	r5, #0
 124              		.loc 1 117 12 is_stmt 1 view .LVU29
 125              		.loc 1 117 19 is_stmt 0 view .LVU30
 126 0080 02018012 		addne	r0, r0, #-2147483648
 127              	.LVL10:
 118:../firmware/lutmath.c ****     else return v;
 119:../firmware/lutmath.c **** }
 128              		.loc 1 119 1 view .LVU31
 129 0084 F047BDE8 		pop	{r4, r5, r6, r7, r8, r9, r10, lr}
 130              	.LCFI1:
 131              		.cfi_remember_state
 132              		.cfi_restore 14
 133              		.cfi_restore 10
 134              		.cfi_restore 9
 135              		.cfi_restore 8
 136              		.cfi_restore 7
 137              		.cfi_restore 6
 138              		.cfi_restore 5
 139              		.cfi_restore 4
 140              		.cfi_def_cfa_offset 0
 141 0088 1EFF2FE1 		bx	lr
 142              	.L5:
 143              	.LCFI2:
 144              		.cfi_restore_state
 114:../firmware/lutmath.c **** 
 145              		.loc 1 114 5 is_stmt 1 view .LVU32
 114:../firmware/lutmath.c **** 
 146              		.loc 1 114 8 is_stmt 0 view .LVU33
 147 008c 0620A0E1 		mov	r2, r6
 148 0090 0730A0E1 		mov	r3, r7
 149 0094 0800A0E1 		mov	r0, r8
 150 0098 0910A0E1 		mov	r1, r9
 151 009c FEFFFFEB 		bl	__aeabi_dsub
 152              	.LVL11:
 153 00a0 FEFFFFEB 		bl	__aeabi_d2f
 154              	.LVL12:
 155 00a4 0040A0E1 		mov	r4, r0
 114:../firmware/lutmath.c **** 
 156              		.loc 1 114 8 view .LVU34
 157 00a8 DDFFFFEA 		b	.L4
 158              	.L15:
 159              		.align	2
 160              	.L14:
 161 00ac 182D4454 		.word	1413754136
 162 00b0 FB211940 		.word	1075388923
 163 00b4 00288940 		.word	1082730496
 164 00b8 00000000 		.word	.LANCHOR0
 165              		.cfi_endproc
 166              	.LFE1:
 168              		.global	__aeabi_dadd
 169              		.align	2
 170              		.global	coslut
 171              		.syntax unified
 172              		.arm
 174              	coslut:
 175              	.LVL13:
 176              	.LFB2:
 120:../firmware/lutmath.c **** 
 121:../firmware/lutmath.c **** float coslut(float in)
 122:../firmware/lutmath.c **** {
 177              		.loc 1 122 1 is_stmt 1 view -0
 178              		.cfi_startproc
 179              		@ Function supports interworking.
 180              		@ args = 0, pretend = 0, frame = 0
 181              		@ frame_needed = 0, uses_anonymous_args = 0
 123:../firmware/lutmath.c ****   return sinlut(in + M_PI_2);
 182              		.loc 1 123 3 view .LVU36
 122:../firmware/lutmath.c ****   return sinlut(in + M_PI_2);
 183              		.loc 1 122 1 is_stmt 0 view .LVU37
 184 00bc 10402DE9 		push	{r4, lr}
 185              	.LCFI3:
 186              		.cfi_def_cfa_offset 8
 187              		.cfi_offset 4, -8
 188              		.cfi_offset 14, -4
 189              		.loc 1 123 20 view .LVU38
 190 00c0 FEFFFFEB 		bl	__aeabi_f2d
 191              	.LVL14:
 192              		.loc 1 123 20 view .LVU39
 193 00c4 10209FE5 		ldr	r2, .L18
 194 00c8 10309FE5 		ldr	r3, .L18+4
 195 00cc FEFFFFEB 		bl	__aeabi_dadd
 196              	.LVL15:
 197              		.loc 1 123 10 view .LVU40
 198 00d0 FEFFFFEB 		bl	__aeabi_d2f
 199              	.LVL16:
 124:../firmware/lutmath.c **** }
 200              		.loc 1 124 1 view .LVU41
 201 00d4 1040BDE8 		pop	{r4, lr}
 202              	.LCFI4:
 203              		.cfi_restore 14
 204              		.cfi_restore 4
 205              		.cfi_def_cfa_offset 0
 123:../firmware/lutmath.c ****   return sinlut(in + M_PI_2);
 206              		.loc 1 123 10 view .LVU42
 207 00d8 FEFFFFEA 		b	sinlut
 208              	.LVL17:
 209              	.L19:
 210              		.align	2
 211              	.L18:
 212 00dc 182D4454 		.word	1413754136
 213 00e0 FB21F93F 		.word	1073291771
 214              		.cfi_endproc
 215              	.LFE2:
 217              		.section	.rodata
 218              		.align	2
 219              		.set	.LANCHOR0,. + 0
 222              	sin_LUT:
 223 0000 00000000 		.word	0
 224 0004 7C0A003C 		.word	1006635644
 225 0008 6308803C 		.word	1015023715
 226 000c 890BC03C 		.word	1019218825
 227 0010 3E05003D 		.word	1023411518
 228 0014 9F02203D 		.word	1025507999
 229 0018 DBFC3F3D 		.word	1027603675
 230 001c FDF45F3D 		.word	1029698813
 231 0020 FBE97F3D 		.word	1031793147
 232 0024 DDEC8F3D 		.word	1032842461
 233 0028 2AE39F3D 		.word	1033888554
 234 002c 52D6AF3D 		.word	1034933842
 235 0030 DAC6BF3D 		.word	1035978458
 236 0034 C4B4CF3D 		.word	1037022404
 237 0038 889FDF3D 		.word	1038065544
 238 003c 1A86EF3D 		.word	1039107610
 239 0040 8869FF3D 		.word	1040148872
 240 0044 61A4073E 		.word	1040688225
 241 0048 E6910F3E 		.word	1041207782
 242 004c 0F7D173E 		.word	1041726735
 243 0050 1F661F3E 		.word	1042245151
 244 0054 4D4C273E 		.word	1042762829
 245 0058 1F302F3E 		.word	1043279903
 246 005c 5111373E 		.word	1043796305
 247 0060 5FEF3E3E 		.word	1044311903
 248 0064 8ACA463E 		.word	1044826762
 249 0068 90A24E3E 		.word	1045340816
 250 006c 7077563E 		.word	1045854064
 251 0070 E9485E3E 		.word	1046366441
 252 0074 F816663E 		.word	1046877944
 253 0078 5DE16D3E 		.word	1047388509
 254 007c 15A8753E 		.word	1047898133
 255 0080 236B7D3E 		.word	1048406819
 256 0084 FF94823E 		.word	1048745215
 257 0088 5472863E 		.word	1048998484
 258 008c B14D8A3E 		.word	1049251249
 259 0090 D5268E3E 		.word	1049503445
 260 0094 BDFD913E 		.word	1049755069
 261 0098 6BD2953E 		.word	1050006123
 262 009c BEA4993E 		.word	1050256574
 263 00a0 92749D3E 		.word	1050506386
 264 00a4 0B42A13E 		.word	1050755595
 265 00a8 E50CA53E 		.word	1051004133
 266 00ac 41D5A83E 		.word	1051252033
 267 00b0 FE9AAC3E 		.word	1051499262
 268 00b4 FB5DB03E 		.word	1051745787
 269 00b8 361EB43E 		.word	1051991606
 270 00bc 90DBB73E 		.word	1052236688
 271 00c0 2996BB3E 		.word	1052481065
 272 00c4 BE4DBF3E 		.word	1052724670
 273 00c8 7102C33E 		.word	1052967537
 274 00cc FFB3C63E 		.word	1053209599
 275 00d0 6762CA3E 		.word	1053450855
 276 00d4 CC0DCE3E 		.word	1053691340
 277 00d8 C8B5D13E 		.word	1053930952
 278 00dc 9F5AD53E 		.word	1054169759
 279 00e0 0DFCD83E 		.word	1054407693
 280 00e4 359ADC3E 		.word	1054644789
 281 00e8 D234E03E 		.word	1054880978
 282 00ec E6CBE33E 		.word	1055116262
 283 00f0 705FE73E 		.word	1055350640
 284 00f4 70EFEA3E 		.word	1055584112
 285 00f8 A27BEE3E 		.word	1055816610
 286 00fc 2904F23E 		.word	1056048169
 287 0100 0589F53E 		.word	1056278789
 288 0104 F209F93E 		.word	1056508402
 289 0108 F086FC3E 		.word	1056737008
 290 010c 0000003F 		.word	1056964608
 291 0110 91BA013F 		.word	1057077905
 292 0114 0873033F 		.word	1057190664
 293 0118 7829053F 		.word	1057302904
 294 011c DFDD063F 		.word	1057414623
 295 0120 1D90083F 		.word	1057525789
 296 0124 42400A3F 		.word	1057636418
 297 0128 3DEE0B3F 		.word	1057746493
 298 012c FE990D3F 		.word	1057855998
 299 0130 96430F3F 		.word	1057964950
 300 0134 E2EA103F 		.word	1058073314
 301 0138 F38F123F 		.word	1058181107
 302 013c BA32143F 		.word	1058288314
 303 0140 24D3153F 		.word	1058394916
 304 0144 4371173F 		.word	1058500931
 305 0148 060D193F 		.word	1058606342
 306 014c 5DA61A3F 		.word	1058711133
 307 0150 473D1C3F 		.word	1058815303
 308 0154 C4D11D3F 		.word	1058918852
 309 0158 D4631F3F 		.word	1059021780
 310 015c 56F3203F 		.word	1059124054
 311 0160 5A80223F 		.word	1059225690
 312 0164 D00A243F 		.word	1059326672
 313 0168 B892253F 		.word	1059427000
 314 016c 0118273F 		.word	1059526657
 315 0170 BB9A283F 		.word	1059625659
 316 0174 C51A2A3F 		.word	1059723973
 317 0178 31982B3F 		.word	1059821617
 318 017c EC122D3F 		.word	1059918572
 319 0180 F88A2E3F 		.word	1060014840
 320 0184 4300303F 		.word	1060110403
 321 0188 CD72313F 		.word	1060205261
 322 018c 86E2323F 		.word	1060299398
 323 0190 7F4F343F 		.word	1060392831
 324 0194 A6B9353F 		.word	1060485542
 325 0198 FB20373F 		.word	1060577531
 326 019c 6E85383F 		.word	1060668782
 327 01a0 FFE6393F 		.word	1060759295
 328 01a4 9E453B3F 		.word	1060849054
 329 01a8 5AA13C3F 		.word	1060938074
 330 01ac 22FA3D3F 		.word	1061026338
 331 01b0 F84F3F3F 		.word	1061113848
 332 01b4 CBA2403F 		.word	1061200587
 333 01b8 99F2413F 		.word	1061286553
 334 01bc 533F433F 		.word	1061371731
 335 01c0 0989443F 		.word	1061456137
 336 01c4 ABCF453F 		.word	1061539755
 337 01c8 4913473F 		.word	1061622601
 338 01cc B153483F 		.word	1061704625
 339 01d0 0491493F 		.word	1061785860
 340 01d4 21CB4A3F 		.word	1061866273
 341 01d8 2A024C3F 		.word	1061945898
 342 01dc EB354D3F 		.word	1062024683
 343 01e0 88664E3F 		.word	1062102664
 344 01e4 DE934F3F 		.word	1062179806
 345 01e8 FDBD503F 		.word	1062256125
 346 01ec D6E4513F 		.word	1062331606
 347 01f0 6808533F 		.word	1062406248
 348 01f4 B328543F 		.word	1062480051
 349 01f8 A645553F 		.word	1062552998
 350 01fc 425F563F 		.word	1062625090
 351 0200 8675573F 		.word	1062696326
 352 0204 7288583F 		.word	1062766706
 353 0208 F697593F 		.word	1062836214
 354 020c 12A45A3F 		.word	1062904850
 355 0210 C5AC5B3F 		.word	1062972613
 356 0214 10B25C3F 		.word	1063039504
 357 0218 D0B35D3F 		.word	1063105488
 358 021c 29B25E3F 		.word	1063170601
 359 0220 08AD5F3F 		.word	1063234824
 360 0224 6EA4603F 		.word	1063298158
 361 0228 4A98613F 		.word	1063360586
 362 022c 9C88623F 		.word	1063422108
 363 0230 6475633F 		.word	1063482724
 364 0234 925E643F 		.word	1063542418
 365 0238 4644653F 		.word	1063601222
 366 023c 4E26663F 		.word	1063659086
 367 0240 CD04673F 		.word	1063716045
 368 0244 B1DF673F 		.word	1063772081
 369 0248 E9B6683F 		.word	1063827177
 370 024c 878A693F 		.word	1063881351
 371 0250 795A6A3F 		.word	1063934585
 372 0254 C0266B3F 		.word	1063986880
 373 0258 5BEF6B3F 		.word	1064038235
 374 025c 39B46C3F 		.word	1064088633
 375 0260 7D756D3F 		.word	1064138109
 376 0264 F4326E3F 		.word	1064186612
 377 0268 C0EC6E3F 		.word	1064234176
 378 026c CFA26F3F 		.word	1064280783
 379 0270 1155703F 		.word	1064326417
 380 0274 A703713F 		.word	1064371111
 381 0278 71AE713F 		.word	1064414833
 382 027c 6D55723F 		.word	1064457581
 383 0280 9CF8723F 		.word	1064499356
 384 0284 FF97733F 		.word	1064540159
 385 0288 A433743F 		.word	1064580004
 386 028c 6CCB743F 		.word	1064618860
 387 0290 575F753F 		.word	1064656727
 388 0294 74EF753F 		.word	1064693620
 389 0298 C47B763F 		.word	1064729540
 390 029c 2504773F 		.word	1064764453
 391 02a0 B988773F 		.word	1064798393
 392 02a4 5F09783F 		.word	1064831327
 393 02a8 3886783F 		.word	1064863288
 394 02ac 22FF783F 		.word	1064894242
 395 02b0 2E74793F 		.word	1064924206
 396 02b4 4BE5793F 		.word	1064953163
 397 02b8 7A527A3F 		.word	1064981114
 398 02bc CBBB7A3F 		.word	1065008075
 399 02c0 2D217B3F 		.word	1065034029
 400 02c4 B2827B3F 		.word	1065058994
 401 02c8 37E07B3F 		.word	1065082935
 402 02cc CE397C3F 		.word	1065105870
 403 02d0 758F7C3F 		.word	1065127797
 404 02d4 1EE17C3F 		.word	1065148702
 405 02d8 E82E7D3F 		.word	1065168616
 406 02dc A3787D3F 		.word	1065187491
 407 02e0 7FBE7D3F 		.word	1065205375
 408 02e4 5C007E3F 		.word	1065222236
 409 02e8 3A3E7E3F 		.word	1065238074
 410 02ec 29787E3F 		.word	1065252905
 411 02f0 19AE7E3F 		.word	1065266713
 412 02f4 09E07E3F 		.word	1065279497
 413 02f8 FA0D7F3F 		.word	1065291258
 414 02fc FC377F3F 		.word	1065302012
 415 0300 FF5D7F3F 		.word	1065311743
 416 0304 F17F7F3F 		.word	1065320433
 417 0308 F59D7F3F 		.word	1065328117
 418 030c FAB77F3F 		.word	1065334778
 419 0310 FFCD7F3F 		.word	1065340415
 420 0314 F4DF7F3F 		.word	1065345012
 421 0318 FAED7F3F 		.word	1065348602
 422 031c 01F87F3F 		.word	1065351169
 423 0320 F8FD7F3F 		.word	1065352696
 424 0324 0000803F 		.word	1065353216
 425 0328 F8FD7F3F 		.word	1065352696
 426 032c 01F87F3F 		.word	1065351169
 427 0330 FAED7F3F 		.word	1065348602
 428 0334 F4DF7F3F 		.word	1065345012
 429 0338 FFCD7F3F 		.word	1065340415
 430 033c FAB77F3F 		.word	1065334778
 431 0340 F59D7F3F 		.word	1065328117
 432 0344 F17F7F3F 		.word	1065320433
 433 0348 FF5D7F3F 		.word	1065311743
 434 034c FC377F3F 		.word	1065302012
 435 0350 FA0D7F3F 		.word	1065291258
 436 0354 09E07E3F 		.word	1065279497
 437 0358 19AE7E3F 		.word	1065266713
 438 035c 29787E3F 		.word	1065252905
 439 0360 3A3E7E3F 		.word	1065238074
 440 0364 5C007E3F 		.word	1065222236
 441 0368 7FBE7D3F 		.word	1065205375
 442 036c A3787D3F 		.word	1065187491
 443 0370 E82E7D3F 		.word	1065168616
 444 0374 1EE17C3F 		.word	1065148702
 445 0378 758F7C3F 		.word	1065127797
 446 037c CE397C3F 		.word	1065105870
 447 0380 37E07B3F 		.word	1065082935
 448 0384 B2827B3F 		.word	1065058994
 449 0388 2D217B3F 		.word	1065034029
 450 038c CBBB7A3F 		.word	1065008075
 451 0390 7A527A3F 		.word	1064981114
 452 0394 4BE5793F 		.word	1064953163
 453 0398 2E74793F 		.word	1064924206
 454 039c 22FF783F 		.word	1064894242
 455 03a0 3886783F 		.word	1064863288
 456 03a4 5F09783F 		.word	1064831327
 457 03a8 B988773F 		.word	1064798393
 458 03ac 2504773F 		.word	1064764453
 459 03b0 C47B763F 		.word	1064729540
 460 03b4 74EF753F 		.word	1064693620
 461 03b8 575F753F 		.word	1064656727
 462 03bc 6CCB743F 		.word	1064618860
 463 03c0 A433743F 		.word	1064580004
 464 03c4 FF97733F 		.word	1064540159
 465 03c8 9CF8723F 		.word	1064499356
 466 03cc 6D55723F 		.word	1064457581
 467 03d0 71AE713F 		.word	1064414833
 468 03d4 A703713F 		.word	1064371111
 469 03d8 1155703F 		.word	1064326417
 470 03dc CFA26F3F 		.word	1064280783
 471 03e0 C0EC6E3F 		.word	1064234176
 472 03e4 F4326E3F 		.word	1064186612
 473 03e8 7D756D3F 		.word	1064138109
 474 03ec 39B46C3F 		.word	1064088633
 475 03f0 5BEF6B3F 		.word	1064038235
 476 03f4 C0266B3F 		.word	1063986880
 477 03f8 795A6A3F 		.word	1063934585
 478 03fc 878A693F 		.word	1063881351
 479 0400 E9B6683F 		.word	1063827177
 480 0404 B1DF673F 		.word	1063772081
 481 0408 CD04673F 		.word	1063716045
 482 040c 4E26663F 		.word	1063659086
 483 0410 4644653F 		.word	1063601222
 484 0414 925E643F 		.word	1063542418
 485 0418 6475633F 		.word	1063482724
 486 041c 9C88623F 		.word	1063422108
 487 0420 4A98613F 		.word	1063360586
 488 0424 6EA4603F 		.word	1063298158
 489 0428 08AD5F3F 		.word	1063234824
 490 042c 29B25E3F 		.word	1063170601
 491 0430 D0B35D3F 		.word	1063105488
 492 0434 10B25C3F 		.word	1063039504
 493 0438 C5AC5B3F 		.word	1062972613
 494 043c 12A45A3F 		.word	1062904850
 495 0440 F697593F 		.word	1062836214
 496 0444 7288583F 		.word	1062766706
 497 0448 8675573F 		.word	1062696326
 498 044c 425F563F 		.word	1062625090
 499 0450 A645553F 		.word	1062552998
 500 0454 B328543F 		.word	1062480051
 501 0458 6808533F 		.word	1062406248
 502 045c D6E4513F 		.word	1062331606
 503 0460 FDBD503F 		.word	1062256125
 504 0464 DE934F3F 		.word	1062179806
 505 0468 88664E3F 		.word	1062102664
 506 046c EB354D3F 		.word	1062024683
 507 0470 2A024C3F 		.word	1061945898
 508 0474 21CB4A3F 		.word	1061866273
 509 0478 0491493F 		.word	1061785860
 510 047c B153483F 		.word	1061704625
 511 0480 4913473F 		.word	1061622601
 512 0484 ABCF453F 		.word	1061539755
 513 0488 0989443F 		.word	1061456137
 514 048c 533F433F 		.word	1061371731
 515 0490 99F2413F 		.word	1061286553
 516 0494 CBA2403F 		.word	1061200587
 517 0498 F84F3F3F 		.word	1061113848
 518 049c 22FA3D3F 		.word	1061026338
 519 04a0 5AA13C3F 		.word	1060938074
 520 04a4 9E453B3F 		.word	1060849054
 521 04a8 FFE6393F 		.word	1060759295
 522 04ac 6E85383F 		.word	1060668782
 523 04b0 FB20373F 		.word	1060577531
 524 04b4 A6B9353F 		.word	1060485542
 525 04b8 7F4F343F 		.word	1060392831
 526 04bc 86E2323F 		.word	1060299398
 527 04c0 CD72313F 		.word	1060205261
 528 04c4 4300303F 		.word	1060110403
 529 04c8 F88A2E3F 		.word	1060014840
 530 04cc EC122D3F 		.word	1059918572
 531 04d0 31982B3F 		.word	1059821617
 532 04d4 C51A2A3F 		.word	1059723973
 533 04d8 BB9A283F 		.word	1059625659
 534 04dc 0118273F 		.word	1059526657
 535 04e0 B892253F 		.word	1059427000
 536 04e4 D00A243F 		.word	1059326672
 537 04e8 5A80223F 		.word	1059225690
 538 04ec 56F3203F 		.word	1059124054
 539 04f0 D4631F3F 		.word	1059021780
 540 04f4 C4D11D3F 		.word	1058918852
 541 04f8 473D1C3F 		.word	1058815303
 542 04fc 5DA61A3F 		.word	1058711133
 543 0500 060D193F 		.word	1058606342
 544 0504 4371173F 		.word	1058500931
 545 0508 24D3153F 		.word	1058394916
 546 050c BA32143F 		.word	1058288314
 547 0510 F38F123F 		.word	1058181107
 548 0514 E2EA103F 		.word	1058073314
 549 0518 96430F3F 		.word	1057964950
 550 051c FE990D3F 		.word	1057855998
 551 0520 3DEE0B3F 		.word	1057746493
 552 0524 42400A3F 		.word	1057636418
 553 0528 1D90083F 		.word	1057525789
 554 052c DFDD063F 		.word	1057414623
 555 0530 7829053F 		.word	1057302904
 556 0534 0873033F 		.word	1057190664
 557 0538 91BA013F 		.word	1057077905
 558 053c 0000003F 		.word	1056964608
 559 0540 F086FC3E 		.word	1056737008
 560 0544 F209F93E 		.word	1056508402
 561 0548 0589F53E 		.word	1056278789
 562 054c 2904F23E 		.word	1056048169
 563 0550 A27BEE3E 		.word	1055816610
 564 0554 70EFEA3E 		.word	1055584112
 565 0558 705FE73E 		.word	1055350640
 566 055c E6CBE33E 		.word	1055116262
 567 0560 D234E03E 		.word	1054880978
 568 0564 359ADC3E 		.word	1054644789
 569 0568 0DFCD83E 		.word	1054407693
 570 056c 9F5AD53E 		.word	1054169759
 571 0570 C8B5D13E 		.word	1053930952
 572 0574 CC0DCE3E 		.word	1053691340
 573 0578 6762CA3E 		.word	1053450855
 574 057c FFB3C63E 		.word	1053209599
 575 0580 7102C33E 		.word	1052967537
 576 0584 BE4DBF3E 		.word	1052724670
 577 0588 2996BB3E 		.word	1052481065
 578 058c 90DBB73E 		.word	1052236688
 579 0590 361EB43E 		.word	1051991606
 580 0594 FB5DB03E 		.word	1051745787
 581 0598 FE9AAC3E 		.word	1051499262
 582 059c 41D5A83E 		.word	1051252033
 583 05a0 E50CA53E 		.word	1051004133
 584 05a4 0B42A13E 		.word	1050755595
 585 05a8 92749D3E 		.word	1050506386
 586 05ac BEA4993E 		.word	1050256574
 587 05b0 6BD2953E 		.word	1050006123
 588 05b4 BDFD913E 		.word	1049755069
 589 05b8 D5268E3E 		.word	1049503445
 590 05bc B14D8A3E 		.word	1049251249
 591 05c0 5472863E 		.word	1048998484
 592 05c4 FF94823E 		.word	1048745215
 593 05c8 236B7D3E 		.word	1048406819
 594 05cc 15A8753E 		.word	1047898133
 595 05d0 5DE16D3E 		.word	1047388509
 596 05d4 F816663E 		.word	1046877944
 597 05d8 E9485E3E 		.word	1046366441
 598 05dc 7077563E 		.word	1045854064
 599 05e0 90A24E3E 		.word	1045340816
 600 05e4 8ACA463E 		.word	1044826762
 601 05e8 5FEF3E3E 		.word	1044311903
 602 05ec 5111373E 		.word	1043796305
 603 05f0 1F302F3E 		.word	1043279903
 604 05f4 4D4C273E 		.word	1042762829
 605 05f8 1F661F3E 		.word	1042245151
 606 05fc 0F7D173E 		.word	1041726735
 607 0600 E6910F3E 		.word	1041207782
 608 0604 61A4073E 		.word	1040688225
 609 0608 8869FF3D 		.word	1040148872
 610 060c 1A86EF3D 		.word	1039107610
 611 0610 889FDF3D 		.word	1038065544
 612 0614 C4B4CF3D 		.word	1037022404
 613 0618 DAC6BF3D 		.word	1035978458
 614 061c 52D6AF3D 		.word	1034933842
 615 0620 2AE39F3D 		.word	1033888554
 616 0624 DDEC8F3D 		.word	1032842461
 617 0628 FBE97F3D 		.word	1031793147
 618 062c FDF45F3D 		.word	1029698813
 619 0630 DBFC3F3D 		.word	1027603675
 620 0634 9F02203D 		.word	1025507999
 621 0638 3E05003D 		.word	1023411518
 622 063c 890BC03C 		.word	1019218825
 623 0640 6308803C 		.word	1015023715
 624 0644 7C0A003C 		.word	1006635644
 625 0648 00000000 		.word	0
 626 064c 7C0A00BC 		.word	-1140848004
 627 0650 630880BC 		.word	-1132459933
 628 0654 890BC0BC 		.word	-1128264823
 629 0658 3E0500BD 		.word	-1124072130
 630 065c 9F0220BD 		.word	-1121975649
 631 0660 DBFC3FBD 		.word	-1119879973
 632 0664 FDF45FBD 		.word	-1117784835
 633 0668 FBE97FBD 		.word	-1115690501
 634 066c DDEC8FBD 		.word	-1114641187
 635 0670 2AE39FBD 		.word	-1113595094
 636 0674 52D6AFBD 		.word	-1112549806
 637 0678 DAC6BFBD 		.word	-1111505190
 638 067c C4B4CFBD 		.word	-1110461244
 639 0680 889FDFBD 		.word	-1109418104
 640 0684 1A86EFBD 		.word	-1108376038
 641 0688 8869FFBD 		.word	-1107334776
 642 068c 61A407BE 		.word	-1106795423
 643 0690 E6910FBE 		.word	-1106275866
 644 0694 0F7D17BE 		.word	-1105756913
 645 0698 1F661FBE 		.word	-1105238497
 646 069c 4D4C27BE 		.word	-1104720819
 647 06a0 1F302FBE 		.word	-1104203745
 648 06a4 511137BE 		.word	-1103687343
 649 06a8 5FEF3EBE 		.word	-1103171745
 650 06ac 8ACA46BE 		.word	-1102656886
 651 06b0 90A24EBE 		.word	-1102142832
 652 06b4 707756BE 		.word	-1101629584
 653 06b8 E9485EBE 		.word	-1101117207
 654 06bc F81666BE 		.word	-1100605704
 655 06c0 5DE16DBE 		.word	-1100095139
 656 06c4 15A875BE 		.word	-1099585515
 657 06c8 236B7DBE 		.word	-1099076829
 658 06cc FF9482BE 		.word	-1098738433
 659 06d0 547286BE 		.word	-1098485164
 660 06d4 B14D8ABE 		.word	-1098232399
 661 06d8 D5268EBE 		.word	-1097980203
 662 06dc BDFD91BE 		.word	-1097728579
 663 06e0 6BD295BE 		.word	-1097477525
 664 06e4 BEA499BE 		.word	-1097227074
 665 06e8 92749DBE 		.word	-1096977262
 666 06ec 0B42A1BE 		.word	-1096728053
 667 06f0 E50CA5BE 		.word	-1096479515
 668 06f4 41D5A8BE 		.word	-1096231615
 669 06f8 FE9AACBE 		.word	-1095984386
 670 06fc FB5DB0BE 		.word	-1095737861
 671 0700 361EB4BE 		.word	-1095492042
 672 0704 90DBB7BE 		.word	-1095246960
 673 0708 2996BBBE 		.word	-1095002583
 674 070c BE4DBFBE 		.word	-1094758978
 675 0710 7102C3BE 		.word	-1094516111
 676 0714 FFB3C6BE 		.word	-1094274049
 677 0718 6762CABE 		.word	-1094032793
 678 071c CC0DCEBE 		.word	-1093792308
 679 0720 C8B5D1BE 		.word	-1093552696
 680 0724 9F5AD5BE 		.word	-1093313889
 681 0728 0DFCD8BE 		.word	-1093075955
 682 072c 359ADCBE 		.word	-1092838859
 683 0730 D234E0BE 		.word	-1092602670
 684 0734 E6CBE3BE 		.word	-1092367386
 685 0738 705FE7BE 		.word	-1092133008
 686 073c 70EFEABE 		.word	-1091899536
 687 0740 A27BEEBE 		.word	-1091667038
 688 0744 2904F2BE 		.word	-1091435479
 689 0748 0589F5BE 		.word	-1091204859
 690 074c F209F9BE 		.word	-1090975246
 691 0750 F086FCBE 		.word	-1090746640
 692 0754 000000BF 		.word	-1090519040
 693 0758 91BA01BF 		.word	-1090405743
 694 075c 087303BF 		.word	-1090292984
 695 0760 782905BF 		.word	-1090180744
 696 0764 DFDD06BF 		.word	-1090069025
 697 0768 1D9008BF 		.word	-1089957859
 698 076c 42400ABF 		.word	-1089847230
 699 0770 3DEE0BBF 		.word	-1089737155
 700 0774 FE990DBF 		.word	-1089627650
 701 0778 96430FBF 		.word	-1089518698
 702 077c E2EA10BF 		.word	-1089410334
 703 0780 F38F12BF 		.word	-1089302541
 704 0784 BA3214BF 		.word	-1089195334
 705 0788 24D315BF 		.word	-1089088732
 706 078c 437117BF 		.word	-1088982717
 707 0790 060D19BF 		.word	-1088877306
 708 0794 5DA61ABF 		.word	-1088772515
 709 0798 473D1CBF 		.word	-1088668345
 710 079c C4D11DBF 		.word	-1088564796
 711 07a0 D4631FBF 		.word	-1088461868
 712 07a4 56F320BF 		.word	-1088359594
 713 07a8 5A8022BF 		.word	-1088257958
 714 07ac D00A24BF 		.word	-1088156976
 715 07b0 B89225BF 		.word	-1088056648
 716 07b4 011827BF 		.word	-1087956991
 717 07b8 BB9A28BF 		.word	-1087857989
 718 07bc C51A2ABF 		.word	-1087759675
 719 07c0 31982BBF 		.word	-1087662031
 720 07c4 EC122DBF 		.word	-1087565076
 721 07c8 F88A2EBF 		.word	-1087468808
 722 07cc 430030BF 		.word	-1087373245
 723 07d0 CD7231BF 		.word	-1087278387
 724 07d4 86E232BF 		.word	-1087184250
 725 07d8 7F4F34BF 		.word	-1087090817
 726 07dc A6B935BF 		.word	-1086998106
 727 07e0 FB2037BF 		.word	-1086906117
 728 07e4 6E8538BF 		.word	-1086814866
 729 07e8 FFE639BF 		.word	-1086724353
 730 07ec 9E453BBF 		.word	-1086634594
 731 07f0 5AA13CBF 		.word	-1086545574
 732 07f4 22FA3DBF 		.word	-1086457310
 733 07f8 F84F3FBF 		.word	-1086369800
 734 07fc CBA240BF 		.word	-1086283061
 735 0800 99F241BF 		.word	-1086197095
 736 0804 533F43BF 		.word	-1086111917
 737 0808 098944BF 		.word	-1086027511
 738 080c ABCF45BF 		.word	-1085943893
 739 0810 491347BF 		.word	-1085861047
 740 0814 B15348BF 		.word	-1085779023
 741 0818 049149BF 		.word	-1085697788
 742 081c 21CB4ABF 		.word	-1085617375
 743 0820 2A024CBF 		.word	-1085537750
 744 0824 EB354DBF 		.word	-1085458965
 745 0828 88664EBF 		.word	-1085380984
 746 082c DE934FBF 		.word	-1085303842
 747 0830 FDBD50BF 		.word	-1085227523
 748 0834 D6E451BF 		.word	-1085152042
 749 0838 680853BF 		.word	-1085077400
 750 083c B32854BF 		.word	-1085003597
 751 0840 A64555BF 		.word	-1084930650
 752 0844 425F56BF 		.word	-1084858558
 753 0848 867557BF 		.word	-1084787322
 754 084c 728858BF 		.word	-1084716942
 755 0850 F69759BF 		.word	-1084647434
 756 0854 12A45ABF 		.word	-1084578798
 757 0858 C5AC5BBF 		.word	-1084511035
 758 085c 10B25CBF 		.word	-1084444144
 759 0860 D0B35DBF 		.word	-1084378160
 760 0864 29B25EBF 		.word	-1084313047
 761 0868 08AD5FBF 		.word	-1084248824
 762 086c 6EA460BF 		.word	-1084185490
 763 0870 4A9861BF 		.word	-1084123062
 764 0874 9C8862BF 		.word	-1084061540
 765 0878 647563BF 		.word	-1084000924
 766 087c 925E64BF 		.word	-1083941230
 767 0880 464465BF 		.word	-1083882426
 768 0884 4E2666BF 		.word	-1083824562
 769 0888 CD0467BF 		.word	-1083767603
 770 088c B1DF67BF 		.word	-1083711567
 771 0890 E9B668BF 		.word	-1083656471
 772 0894 878A69BF 		.word	-1083602297
 773 0898 795A6ABF 		.word	-1083549063
 774 089c C0266BBF 		.word	-1083496768
 775 08a0 5BEF6BBF 		.word	-1083445413
 776 08a4 39B46CBF 		.word	-1083395015
 777 08a8 7D756DBF 		.word	-1083345539
 778 08ac F4326EBF 		.word	-1083297036
 779 08b0 C0EC6EBF 		.word	-1083249472
 780 08b4 CFA26FBF 		.word	-1083202865
 781 08b8 115570BF 		.word	-1083157231
 782 08bc A70371BF 		.word	-1083112537
 783 08c0 71AE71BF 		.word	-1083068815
 784 08c4 6D5572BF 		.word	-1083026067
 785 08c8 9CF872BF 		.word	-1082984292
 786 08cc FF9773BF 		.word	-1082943489
 787 08d0 A43374BF 		.word	-1082903644
 788 08d4 6CCB74BF 		.word	-1082864788
 789 08d8 575F75BF 		.word	-1082826921
 790 08dc 74EF75BF 		.word	-1082790028
 791 08e0 C47B76BF 		.word	-1082754108
 792 08e4 250477BF 		.word	-1082719195
 793 08e8 B98877BF 		.word	-1082685255
 794 08ec 5F0978BF 		.word	-1082652321
 795 08f0 388678BF 		.word	-1082620360
 796 08f4 22FF78BF 		.word	-1082589406
 797 08f8 2E7479BF 		.word	-1082559442
 798 08fc 4BE579BF 		.word	-1082530485
 799 0900 7A527ABF 		.word	-1082502534
 800 0904 CBBB7ABF 		.word	-1082475573
 801 0908 2D217BBF 		.word	-1082449619
 802 090c B2827BBF 		.word	-1082424654
 803 0910 37E07BBF 		.word	-1082400713
 804 0914 CE397CBF 		.word	-1082377778
 805 0918 758F7CBF 		.word	-1082355851
 806 091c 1EE17CBF 		.word	-1082334946
 807 0920 E82E7DBF 		.word	-1082315032
 808 0924 A3787DBF 		.word	-1082296157
 809 0928 7FBE7DBF 		.word	-1082278273
 810 092c 5C007EBF 		.word	-1082261412
 811 0930 3A3E7EBF 		.word	-1082245574
 812 0934 29787EBF 		.word	-1082230743
 813 0938 19AE7EBF 		.word	-1082216935
 814 093c 09E07EBF 		.word	-1082204151
 815 0940 FA0D7FBF 		.word	-1082192390
 816 0944 FC377FBF 		.word	-1082181636
 817 0948 FF5D7FBF 		.word	-1082171905
 818 094c F17F7FBF 		.word	-1082163215
 819 0950 F59D7FBF 		.word	-1082155531
 820 0954 FAB77FBF 		.word	-1082148870
 821 0958 FFCD7FBF 		.word	-1082143233
 822 095c F4DF7FBF 		.word	-1082138636
 823 0960 FAED7FBF 		.word	-1082135046
 824 0964 01F87FBF 		.word	-1082132479
 825 0968 F8FD7FBF 		.word	-1082130952
 826 096c 000080BF 		.word	-1082130432
 827 0970 F8FD7FBF 		.word	-1082130952
 828 0974 01F87FBF 		.word	-1082132479
 829 0978 FAED7FBF 		.word	-1082135046
 830 097c F4DF7FBF 		.word	-1082138636
 831 0980 FFCD7FBF 		.word	-1082143233
 832 0984 FAB77FBF 		.word	-1082148870
 833 0988 F59D7FBF 		.word	-1082155531
 834 098c F17F7FBF 		.word	-1082163215
 835 0990 FF5D7FBF 		.word	-1082171905
 836 0994 FC377FBF 		.word	-1082181636
 837 0998 FA0D7FBF 		.word	-1082192390
 838 099c 09E07EBF 		.word	-1082204151
 839 09a0 19AE7EBF 		.word	-1082216935
 840 09a4 29787EBF 		.word	-1082230743
 841 09a8 3A3E7EBF 		.word	-1082245574
 842 09ac 5C007EBF 		.word	-1082261412
 843 09b0 7FBE7DBF 		.word	-1082278273
 844 09b4 A3787DBF 		.word	-1082296157
 845 09b8 E82E7DBF 		.word	-1082315032
 846 09bc 1EE17CBF 		.word	-1082334946
 847 09c0 758F7CBF 		.word	-1082355851
 848 09c4 CE397CBF 		.word	-1082377778
 849 09c8 37E07BBF 		.word	-1082400713
 850 09cc B2827BBF 		.word	-1082424654
 851 09d0 2D217BBF 		.word	-1082449619
 852 09d4 CBBB7ABF 		.word	-1082475573
 853 09d8 7A527ABF 		.word	-1082502534
 854 09dc 4BE579BF 		.word	-1082530485
 855 09e0 2E7479BF 		.word	-1082559442
 856 09e4 22FF78BF 		.word	-1082589406
 857 09e8 388678BF 		.word	-1082620360
 858 09ec 5F0978BF 		.word	-1082652321
 859 09f0 B98877BF 		.word	-1082685255
 860 09f4 250477BF 		.word	-1082719195
 861 09f8 C47B76BF 		.word	-1082754108
 862 09fc 74EF75BF 		.word	-1082790028
 863 0a00 575F75BF 		.word	-1082826921
 864 0a04 6CCB74BF 		.word	-1082864788
 865 0a08 A43374BF 		.word	-1082903644
 866 0a0c FF9773BF 		.word	-1082943489
 867 0a10 9CF872BF 		.word	-1082984292
 868 0a14 6D5572BF 		.word	-1083026067
 869 0a18 71AE71BF 		.word	-1083068815
 870 0a1c A70371BF 		.word	-1083112537
 871 0a20 115570BF 		.word	-1083157231
 872 0a24 CFA26FBF 		.word	-1083202865
 873 0a28 C0EC6EBF 		.word	-1083249472
 874 0a2c F4326EBF 		.word	-1083297036
 875 0a30 7D756DBF 		.word	-1083345539
 876 0a34 39B46CBF 		.word	-1083395015
 877 0a38 5BEF6BBF 		.word	-1083445413
 878 0a3c C0266BBF 		.word	-1083496768
 879 0a40 795A6ABF 		.word	-1083549063
 880 0a44 878A69BF 		.word	-1083602297
 881 0a48 E9B668BF 		.word	-1083656471
 882 0a4c B1DF67BF 		.word	-1083711567
 883 0a50 CD0467BF 		.word	-1083767603
 884 0a54 4E2666BF 		.word	-1083824562
 885 0a58 464465BF 		.word	-1083882426
 886 0a5c 925E64BF 		.word	-1083941230
 887 0a60 647563BF 		.word	-1084000924
 888 0a64 9C8862BF 		.word	-1084061540
 889 0a68 4A9861BF 		.word	-1084123062
 890 0a6c 6EA460BF 		.word	-1084185490
 891 0a70 08AD5FBF 		.word	-1084248824
 892 0a74 29B25EBF 		.word	-1084313047
 893 0a78 D0B35DBF 		.word	-1084378160
 894 0a7c 10B25CBF 		.word	-1084444144
 895 0a80 C5AC5BBF 		.word	-1084511035
 896 0a84 12A45ABF 		.word	-1084578798
 897 0a88 F69759BF 		.word	-1084647434
 898 0a8c 728858BF 		.word	-1084716942
 899 0a90 867557BF 		.word	-1084787322
 900 0a94 425F56BF 		.word	-1084858558
 901 0a98 A64555BF 		.word	-1084930650
 902 0a9c B32854BF 		.word	-1085003597
 903 0aa0 680853BF 		.word	-1085077400
 904 0aa4 D6E451BF 		.word	-1085152042
 905 0aa8 FDBD50BF 		.word	-1085227523
 906 0aac DE934FBF 		.word	-1085303842
 907 0ab0 88664EBF 		.word	-1085380984
 908 0ab4 EB354DBF 		.word	-1085458965
 909 0ab8 2A024CBF 		.word	-1085537750
 910 0abc 21CB4ABF 		.word	-1085617375
 911 0ac0 049149BF 		.word	-1085697788
 912 0ac4 B15348BF 		.word	-1085779023
 913 0ac8 491347BF 		.word	-1085861047
 914 0acc ABCF45BF 		.word	-1085943893
 915 0ad0 098944BF 		.word	-1086027511
 916 0ad4 533F43BF 		.word	-1086111917
 917 0ad8 99F241BF 		.word	-1086197095
 918 0adc CBA240BF 		.word	-1086283061
 919 0ae0 F84F3FBF 		.word	-1086369800
 920 0ae4 22FA3DBF 		.word	-1086457310
 921 0ae8 5AA13CBF 		.word	-1086545574
 922 0aec 9E453BBF 		.word	-1086634594
 923 0af0 FFE639BF 		.word	-1086724353
 924 0af4 6E8538BF 		.word	-1086814866
 925 0af8 FB2037BF 		.word	-1086906117
 926 0afc A6B935BF 		.word	-1086998106
 927 0b00 7F4F34BF 		.word	-1087090817
 928 0b04 86E232BF 		.word	-1087184250
 929 0b08 CD7231BF 		.word	-1087278387
 930 0b0c 430030BF 		.word	-1087373245
 931 0b10 F88A2EBF 		.word	-1087468808
 932 0b14 EC122DBF 		.word	-1087565076
 933 0b18 31982BBF 		.word	-1087662031
 934 0b1c C51A2ABF 		.word	-1087759675
 935 0b20 BB9A28BF 		.word	-1087857989
 936 0b24 011827BF 		.word	-1087956991
 937 0b28 B89225BF 		.word	-1088056648
 938 0b2c D00A24BF 		.word	-1088156976
 939 0b30 5A8022BF 		.word	-1088257958
 940 0b34 56F320BF 		.word	-1088359594
 941 0b38 D4631FBF 		.word	-1088461868
 942 0b3c C4D11DBF 		.word	-1088564796
 943 0b40 473D1CBF 		.word	-1088668345
 944 0b44 5DA61ABF 		.word	-1088772515
 945 0b48 060D19BF 		.word	-1088877306
 946 0b4c 437117BF 		.word	-1088982717
 947 0b50 24D315BF 		.word	-1089088732
 948 0b54 BA3214BF 		.word	-1089195334
 949 0b58 F38F12BF 		.word	-1089302541
 950 0b5c E2EA10BF 		.word	-1089410334
 951 0b60 96430FBF 		.word	-1089518698
 952 0b64 FE990DBF 		.word	-1089627650
 953 0b68 3DEE0BBF 		.word	-1089737155
 954 0b6c 42400ABF 		.word	-1089847230
 955 0b70 1D9008BF 		.word	-1089957859
 956 0b74 DFDD06BF 		.word	-1090069025
 957 0b78 782905BF 		.word	-1090180744
 958 0b7c 087303BF 		.word	-1090292984
 959 0b80 91BA01BF 		.word	-1090405743
 960 0b84 000000BF 		.word	-1090519040
 961 0b88 F086FCBE 		.word	-1090746640
 962 0b8c F209F9BE 		.word	-1090975246
 963 0b90 0589F5BE 		.word	-1091204859
 964 0b94 2904F2BE 		.word	-1091435479
 965 0b98 A27BEEBE 		.word	-1091667038
 966 0b9c 70EFEABE 		.word	-1091899536
 967 0ba0 705FE7BE 		.word	-1092133008
 968 0ba4 E6CBE3BE 		.word	-1092367386
 969 0ba8 D234E0BE 		.word	-1092602670
 970 0bac 359ADCBE 		.word	-1092838859
 971 0bb0 0DFCD8BE 		.word	-1093075955
 972 0bb4 9F5AD5BE 		.word	-1093313889
 973 0bb8 C8B5D1BE 		.word	-1093552696
 974 0bbc CC0DCEBE 		.word	-1093792308
 975 0bc0 6762CABE 		.word	-1094032793
 976 0bc4 FFB3C6BE 		.word	-1094274049
 977 0bc8 7102C3BE 		.word	-1094516111
 978 0bcc BE4DBFBE 		.word	-1094758978
 979 0bd0 2996BBBE 		.word	-1095002583
 980 0bd4 90DBB7BE 		.word	-1095246960
 981 0bd8 361EB4BE 		.word	-1095492042
 982 0bdc FB5DB0BE 		.word	-1095737861
 983 0be0 FE9AACBE 		.word	-1095984386
 984 0be4 41D5A8BE 		.word	-1096231615
 985 0be8 E50CA5BE 		.word	-1096479515
 986 0bec 0B42A1BE 		.word	-1096728053
 987 0bf0 92749DBE 		.word	-1096977262
 988 0bf4 BEA499BE 		.word	-1097227074
 989 0bf8 6BD295BE 		.word	-1097477525
 990 0bfc BDFD91BE 		.word	-1097728579
 991 0c00 D5268EBE 		.word	-1097980203
 992 0c04 B14D8ABE 		.word	-1098232399
 993 0c08 547286BE 		.word	-1098485164
 994 0c0c FF9482BE 		.word	-1098738433
 995 0c10 236B7DBE 		.word	-1099076829
 996 0c14 15A875BE 		.word	-1099585515
 997 0c18 5DE16DBE 		.word	-1100095139
 998 0c1c F81666BE 		.word	-1100605704
 999 0c20 E9485EBE 		.word	-1101117207
 1000 0c24 707756BE 		.word	-1101629584
 1001 0c28 90A24EBE 		.word	-1102142832
 1002 0c2c 8ACA46BE 		.word	-1102656886
 1003 0c30 5FEF3EBE 		.word	-1103171745
 1004 0c34 511137BE 		.word	-1103687343
 1005 0c38 1F302FBE 		.word	-1104203745
 1006 0c3c 4D4C27BE 		.word	-1104720819
 1007 0c40 1F661FBE 		.word	-1105238497
 1008 0c44 0F7D17BE 		.word	-1105756913
 1009 0c48 E6910FBE 		.word	-1106275866
 1010 0c4c 61A407BE 		.word	-1106795423
 1011 0c50 8869FFBD 		.word	-1107334776
 1012 0c54 1A86EFBD 		.word	-1108376038
 1013 0c58 889FDFBD 		.word	-1109418104
 1014 0c5c C4B4CFBD 		.word	-1110461244
 1015 0c60 DAC6BFBD 		.word	-1111505190
 1016 0c64 52D6AFBD 		.word	-1112549806
 1017 0c68 2AE39FBD 		.word	-1113595094
 1018 0c6c DDEC8FBD 		.word	-1114641187
 1019 0c70 FBE97FBD 		.word	-1115690501
 1020 0c74 FDF45FBD 		.word	-1117784835
 1021 0c78 DBFC3FBD 		.word	-1119879973
 1022 0c7c 9F0220BD 		.word	-1121975649
 1023 0c80 3E0500BD 		.word	-1124072130
 1024 0c84 890BC0BC 		.word	-1128264823
 1025 0c88 630880BC 		.word	-1132459933
 1026 0c8c 7C0A00BC 		.word	-1140848004
 1027 0c90 00000080 		.word	-2147483648
 1028              		.text
 1029              	.Letext0:
 1030              		.file 2 "c:\\arm-gcc\\arm-none-eabi\\include\\machine\\_default_types.h"
 1031              		.file 3 "c:\\arm-gcc\\arm-none-eabi\\include\\sys\\_stdint.h"
DEFINED SYMBOLS
                            *ABS*:00000000 lutmath.c
C:\Users\agrillo\AppData\Local\Temp\ccgKNepN.s:25     .text:00000000 $a
C:\Users\agrillo\AppData\Local\Temp\ccgKNepN.s:30     .text:00000000 sinlut
C:\Users\agrillo\AppData\Local\Temp\ccgKNepN.s:161    .text:000000ac $d
C:\Users\agrillo\AppData\Local\Temp\ccgKNepN.s:169    .text:000000bc $a
C:\Users\agrillo\AppData\Local\Temp\ccgKNepN.s:174    .text:000000bc coslut
C:\Users\agrillo\AppData\Local\Temp\ccgKNepN.s:212    .text:000000dc $d
C:\Users\agrillo\AppData\Local\Temp\ccgKNepN.s:218    .rodata:00000000 $d
C:\Users\agrillo\AppData\Local\Temp\ccgKNepN.s:222    .rodata:00000000 sin_LUT

UNDEFINED SYMBOLS
__aeabi_fcmplt
__aeabi_dsub
__aeabi_d2f
__aeabi_f2d
__aeabi_dcmpge
__aeabi_ddiv
__aeabi_dmul
__aeabi_d2uiz
__aeabi_dadd
