{
  "timestamp": "2024-04-08 12:19:07.007579",
  "device_info": {
    "serial_number": "ACwANEhOUA4gNDNW",
    "model": "800",
    "git_hash": "26e636ddb36b702a361291b0ab842acd881f281b",
    "git_dirty": false,
    "git_timestamp": 1659560860,
    "uuid": "00000000-0000-0000-0000-000000000000"
  },
  "calibration": {
    "invert": false,
    "phase_invert": true,
    "poles": 14,
    "offset": [
      0.6855331165970523,
      0.6660570061596844,
      0.6664409240670461,
      0.6652806415583571,
      0.6523362647923938,
      0.6523436708995269,
      0.6605736897013174,
      0.6574287387522533,
      0.6622995473224105,
      0.6779846914694794,
      0.6693977083104157,
      0.675068047831518,
      0.6834709666114465,
      0.6787320177524174,
      0.6787945787464277,
      0.6832068729660289,
      0.6758147408281696,
      0.6730507182105402,
      0.6874616728872296,
      0.6797959592528369,
      0.6795210513974312,
      0.6860211335928178,
      0.6791217863651863,
      0.6817231574604011,
      0.6948401437848564,
      0.6914721955219061,
      0.6862613650212315,
      0.6991721668530932,
      0.6925723687948104,
      0.6868399063655364,
      0.6956827396141488,
      0.6845404359209731,
      0.6728433612367344,
      0.6746322345397437,
      0.6707806958383117,
      0.655679922570865,
      0.6618666388912934,
      0.6539936501932511,
      0.6516220354273883,
      0.6678592816142166,
      0.6707076660915249,
      0.6685897687528026,
      0.6765886453177521,
      0.6794773369622019,
      0.673394398730706,
      0.6856742337380213,
      0.6853204912955078,
      0.673186797759546,
      0.6791707167178208,
      0.6763052574729758,
      0.6705418533604808,
      0.6773349916253348,
      0.6792439128826746,
      0.6679162196260834,
      0.6759919231345921,
      0.6833424524256142,
      0.6741535974913745,
      0.6833971352051502,
      0.6846773727183139,
      0.678551598159746,
      0.6877711671440269,
      0.6942010116104242,
      0.6866567632127748,
      0.6847775643722702
    ]
  },
  "winding_resistance": 0.042241392066223384,
  "inductance": 2.3533175106174965e-05,
  "pid_dq_kp": 0.014786330005840296,
  "pid_dq_ki": 26.541049398530713,
  "torque_bw_hz": 100.0,
  "encoder_filter_bw_hz": 100.0,
  "encoder_filter_kp": 1256.6370614359173,
  "encoder_filter_ki": 394784.17604357435,
  "v_per_hz": 0.10961342726504573,
  "kv": 273.6890976637367,
  "unwrapped_position_scale": 1.0,
  "motor_position_output_sign": 1.0
}
